<?xml version="1.0" encoding="UTF-8"?>
<!-- Generated by org.testng.reporters.JUnitReportReporter -->
<testsuite hostname="DESKTOP-75MFPH4" failures="0" tests="1" name="Tests.ErrorValidation" time="13.901" errors="0" timestamp="2023-01-07T19:48:14 PST" skipped="0">
  <testcase classname="Tests.ErrorValidation" name="ErrorValidationMethod" time="13.901"/>
  <system-out/>
</testsuite> <!-- Tests.ErrorValidation -->
