<?xml version="1.0" encoding="UTF-8"?>
<!-- Generated by org.testng.reporters.JUnitReportReporter -->
<testsuite hostname="DESKTOP-75MFPH4" failures="0" tests="1" name="Tests.AddToCartTest" time="103.214" errors="0" timestamp="2023-01-12T13:29:29 PST" skipped="0">
  <testcase classname="Tests.AddToCartTest" name="AddToCart" time="103.214"/>
  <system-out/>
</testsuite> <!-- Tests.AddToCartTest -->
